<?xml version="1.0" encoding="UTF-8" standalone="yes"?><!DOCTYPE report PUBLIC "-//JACOCO//DTD Report 1.1//EN" "report.dtd"><report name="jacoco-test-app"><sessioninfo id="WTIN05201570L-5fb7a0d" start="1584451260793" dump="1584451262057"/><package name="com/code_coverage"><class name="com/code_coverage/DiscountCalculator" sourcefilename="DiscountCalculator.java"><method name="&lt;init&gt;" desc="()V" line="3"><counter type="INSTRUCTION" missed="0" covered="3"/><counter type="LINE" missed="0" covered="1"/><counter type="COMPLEXITY" missed="0" covered="1"/><counter type="METHOD" missed="0" covered="1"/></method><method name="calculateDiscountAmt" desc="(I)D" line="6"><counter type="INSTRUCTION" missed="17" covered="7"/><counter type="BRANCH" missed="3" covered="1"/><counter type="LINE" missed="3" covered="2"/><counter type="COMPLEXITY" missed="2" covered="1"/><counter type="METHOD" missed="0" covered="1"/></method><counter type="INSTRUCTION" missed="17" covered="10"/><counter type="BRANCH" missed="3" covered="1"/><counter type="LINE" missed="3" covered="3"/><counter type="COMPLEXITY" missed="2" covered="2"/><counter type="METHOD" missed="0" covered="2"/><counter type="CLASS" missed="0" covered="1"/></class><sourcefile name="DiscountCalculator.java"><line nr="3" mi="0" ci="3" mb="0" cb="0"/><line nr="6" mi="0" ci="2" mb="1" cb="1"/><line nr="7" mi="0" ci="5" mb="0" cb="0"/><line nr="9" mi="3" ci="0" mb="2" cb="0"/><line nr="10" mi="7" ci="0" mb="0" cb="0"/><line nr="12" mi="7" ci="0" mb="0" cb="0"/><counter type="INSTRUCTION" missed="17" covered="10"/><counter type="BRANCH" missed="3" covered="1"/><counter type="LINE" missed="3" covered="3"/><counter type="COMPLEXITY" missed="2" covered="2"/><counter type="METHOD" missed="0" covered="2"/><counter type="CLASS" missed="0" covered="1"/></sourcefile><counter type="INSTRUCTION" missed="17" covered="10"/><counter type="BRANCH" missed="3" covered="1"/><counter type="LINE" missed="3" covered="3"/><counter type="COMPLEXITY" missed="2" covered="2"/><counter type="METHOD" missed="0" covered="2"/><counter type="CLASS" missed="0" covered="1"/></package><counter type="INSTRUCTION" missed="17" covered="10"/><counter type="BRANCH" missed="3" covered="1"/><counter type="LINE" missed="3" covered="3"/><counter type="COMPLEXITY" missed="2" covered="2"/><counter type="METHOD" missed="0" covered="2"/><counter type="CLASS" missed="0" covered="1"/></report>